2025-11-23 21:25:40 - INFO - Loading processed datasets for merging.
2025-11-23 21:25:40 - ERROR - Dataset who_tb_global lacks a recognizable state column.
2025-11-23 21:25:40 - ERROR - Dataset india_tb_reports lacks a recognizable state column.
2025-11-23 21:25:40 - ERROR - Dataset tb_prevalence lacks a recognizable state column.
2025-11-23 21:25:40 - INFO - Dataset nfhs lacks year column; merging on state only.
2025-11-23 21:25:40 - INFO - Dataset census lacks year column; merging on state only.
2025-11-23 21:25:40 - INFO - Merging on keys: ['state']
2025-11-23 21:25:40 - INFO - State-year panel saved to D:\research-automation\TB detection delay\data\processed\state_year_panel.csv with 40 rows.
2025-11-23 21:27:33 - INFO - Loading processed datasets for merging.
2025-11-23 21:27:33 - ERROR - Dataset who_tb_global lacks a recognizable state column.
2025-11-23 21:27:33 - ERROR - Dataset india_tb_reports lacks a recognizable state column.
2025-11-23 21:27:33 - ERROR - Dataset tb_prevalence lacks a recognizable state column.
2025-11-23 21:27:33 - INFO - Dataset nfhs lacks year column; merging on state only.
2025-11-23 21:27:34 - INFO - Dataset census lacks year column; merging on state only.
2025-11-23 21:27:34 - INFO - Merging on keys: ['state']
2025-11-23 21:27:34 - INFO - State-year panel saved to D:\research-automation\TB detection delay\data\processed\state_year_panel.csv with 40 rows.
2025-11-23 21:30:59 - INFO - Loading processed datasets for merging.
2025-11-23 21:30:59 - ERROR - Dataset who_tb_global lacks a recognizable state column.
2025-11-23 21:30:59 - INFO - Dataset india_tb_reports lacks year column; merging on state only.
2025-11-23 21:30:59 - ERROR - Dataset tb_prevalence lacks a recognizable state column.
2025-11-23 21:30:59 - INFO - Dataset nfhs lacks year column; merging on state only.
2025-11-23 21:30:59 - INFO - Dataset census lacks year column; merging on state only.
2025-11-23 21:30:59 - INFO - Merging on keys: ['state']
2025-11-23 21:30:59 - INFO - Merging on keys: ['state']
2025-11-23 21:30:59 - INFO - State-year panel saved to D:\research-automation\TB detection delay\data\processed\state_year_panel.csv with 40 rows.
2025-11-23 21:31:53 - INFO - Loading processed datasets for merging.
2025-11-23 21:31:53 - ERROR - Dataset who_tb_global lacks a recognizable state column.
2025-11-23 21:31:53 - INFO - Dataset india_tb_reports lacks year column; merging on state only.
2025-11-23 21:31:53 - ERROR - Dataset tb_prevalence lacks a recognizable state column.
2025-11-23 21:31:53 - INFO - Dataset nfhs lacks year column; merging on state only.
2025-11-23 21:31:53 - INFO - Dataset census lacks year column; merging on state only.
2025-11-23 21:31:53 - INFO - Merging on keys: ['state']
2025-11-23 21:31:53 - INFO - Merging on keys: ['state']
2025-11-23 21:31:53 - INFO - State-year panel saved to D:\research-automation\TB detection delay\data\processed\state_year_panel.csv with 40 rows.
2025-11-23 21:32:54 - INFO - Loading processed datasets for merging.
2025-11-23 21:32:54 - ERROR - Dataset who_tb_global lacks a recognizable state column.
2025-11-23 21:32:54 - INFO - Dataset india_tb_reports lacks year column; merging on state only.
2025-11-23 21:32:54 - ERROR - Dataset tb_prevalence lacks a recognizable state column.
2025-11-23 21:32:54 - INFO - Dataset nfhs lacks year column; merging on state only.
2025-11-23 21:32:54 - INFO - Dataset census lacks year column; merging on state only.
2025-11-23 21:32:54 - INFO - Merging on keys: ['state']
2025-11-23 21:32:54 - INFO - Merging on keys: ['state']
2025-11-23 21:32:54 - INFO - State-year panel saved to D:\research-automation\TB detection delay\data\processed\state_year_panel.csv with 40 rows.
2025-11-23 21:47:21 - INFO - Loading processed datasets for merging.
2025-11-23 21:47:21 - ERROR - Dataset who_tb_global lacks a recognizable state column.
2025-11-23 21:47:21 - INFO - Dataset india_tb_reports lacks year column; merging on state only.
2025-11-23 21:47:21 - ERROR - Dataset tb_prevalence lacks a recognizable state column.
2025-11-23 21:47:21 - INFO - Dataset nfhs lacks year column; merging on state only.
2025-11-23 21:47:21 - INFO - Dataset census lacks year column; merging on state only.
2025-11-23 21:47:21 - INFO - Merging on keys: ['state']
2025-11-23 21:47:21 - INFO - Merging on keys: ['state']
2025-11-23 21:47:21 - INFO - State-year panel saved to D:\research-automation\TB detection delay\data\processed\state_year_panel.csv with 40 rows.
2025-11-23 22:23:43 - INFO - Loading processed datasets for merging.
2025-11-23 22:23:43 - ERROR - Dataset who_tb_global lacks a recognizable state column.
2025-11-23 22:23:43 - INFO - Dataset india_tb_reports lacks year column; merging on state only.
2025-11-23 22:23:43 - INFO - Dataset india_tb_notifications_2025 lacks year column; merging on state only.
2025-11-23 22:23:43 - ERROR - Dataset tb_prevalence lacks a recognizable state column.
2025-11-23 22:23:43 - INFO - Dataset nfhs lacks year column; merging on state only.
2025-11-23 22:23:43 - INFO - Dataset census lacks year column; merging on state only.
2025-11-23 22:23:43 - INFO - Merging on keys: ['state']
2025-11-23 22:23:43 - INFO - Merging on keys: ['state']
2025-11-23 22:23:43 - INFO - Merging on keys: ['state']
2025-11-23 22:23:43 - INFO - State-year panel saved to D:\research-automation\TB detection delay\data\processed\state_year_panel.csv with 40 rows.
2025-11-23 22:23:56 - INFO - Loading processed datasets for merging.
2025-11-23 22:23:56 - ERROR - Dataset who_tb_global lacks a recognizable state column.
2025-11-23 22:23:56 - INFO - Dataset india_tb_reports lacks year column; merging on state only.
2025-11-23 22:23:56 - INFO - Dataset india_tb_notifications_2025 lacks year column; merging on state only.
2025-11-23 22:23:56 - ERROR - Dataset tb_prevalence lacks a recognizable state column.
2025-11-23 22:23:56 - INFO - Dataset nfhs lacks year column; merging on state only.
2025-11-23 22:23:56 - INFO - Dataset census lacks year column; merging on state only.
2025-11-23 22:23:56 - INFO - Merging on keys: ['state']
2025-11-23 22:23:56 - INFO - Merging on keys: ['state']
2025-11-23 22:23:56 - INFO - Merging on keys: ['state']
2025-11-23 22:23:56 - INFO - State-year panel saved to D:\research-automation\TB detection delay\data\processed\state_year_panel.csv with 40 rows.
2025-11-23 22:28:15 - INFO - Loading processed datasets for merging.
2025-11-23 22:28:15 - ERROR - Dataset who_tb_global lacks a recognizable state column.
2025-11-23 22:28:15 - INFO - Dataset india_tb_reports lacks year column; merging on state only.
2025-11-23 22:28:15 - INFO - Dataset india_tb_notifications_2025 lacks year column; merging on state only.
2025-11-23 22:28:15 - ERROR - Dataset tb_prevalence lacks a recognizable state column.
2025-11-23 22:28:15 - INFO - Dataset nfhs lacks year column; merging on state only.
2025-11-23 22:28:15 - INFO - Dataset census lacks year column; merging on state only.
2025-11-23 22:28:15 - INFO - Merging on keys: ['state']
2025-11-23 22:28:15 - INFO - Merging on keys: ['state']
2025-11-23 22:28:15 - INFO - Merging on keys: ['state']
2025-11-23 22:28:15 - INFO - State-year panel saved to D:\research-automation\TB detection delay\data\processed\state_year_panel.csv with 40 rows.
2025-11-23 23:39:29 - INFO - Loading processed datasets for merging.
2025-11-23 23:39:29 - ERROR - Dataset who_tb_global lacks a recognizable state column.
2025-11-23 23:39:29 - INFO - Dataset india_tb_reports lacks year column; merging on state only.
2025-11-23 23:39:29 - INFO - Dataset india_tb_notifications_2025 lacks year column; merging on state only.
2025-11-23 23:39:29 - ERROR - Dataset tb_prevalence lacks a recognizable state column.
2025-11-23 23:39:29 - INFO - Dataset nfhs lacks year column; merging on state only.
2025-11-23 23:39:29 - INFO - Dataset census lacks year column; merging on state only.
2025-11-23 23:39:29 - INFO - Merging on keys: ['state']
2025-11-23 23:39:29 - INFO - Merging on keys: ['state']
2025-11-23 23:39:29 - INFO - Merging on keys: ['state']
2025-11-23 23:39:29 - INFO - State-year panel saved to D:\research-automation\TB detection delay\data\processed\state_year_panel.csv with 40 rows.
2025-11-23 23:39:55 - INFO - Loading processed datasets for merging.
2025-11-23 23:39:55 - ERROR - Dataset who_tb_global lacks a recognizable state column.
2025-11-23 23:39:55 - INFO - Dataset india_tb_reports lacks year column; merging on state only.
2025-11-23 23:39:55 - INFO - Dataset india_tb_notifications_2025 lacks year column; merging on state only.
2025-11-23 23:39:55 - ERROR - Dataset tb_prevalence lacks a recognizable state column.
2025-11-23 23:39:55 - INFO - Dataset nfhs lacks year column; merging on state only.
2025-11-23 23:39:55 - INFO - Dataset census lacks year column; merging on state only.
2025-11-23 23:39:55 - INFO - Merging on keys: ['state']
2025-11-23 23:39:55 - INFO - Merging on keys: ['state']
2025-11-23 23:39:55 - INFO - Merging on keys: ['state']
2025-11-23 23:39:55 - INFO - State-year panel saved to D:\research-automation\TB detection delay\data\processed\state_year_panel.csv with 40 rows.
2025-11-27 00:18:09 - INFO - Loading processed datasets for merging.
2025-11-27 00:18:09 - ERROR - Dataset who_tb_global lacks a recognizable state column.
2025-11-27 00:18:09 - INFO - Dataset india_tb_reports lacks year column; merging on state only.
2025-11-27 00:18:09 - INFO - Dataset india_tb_notifications_2025 lacks year column; merging on state only.
2025-11-27 00:18:09 - ERROR - Dataset tb_prevalence lacks a recognizable state column.
2025-11-27 00:18:09 - INFO - Dataset nfhs lacks year column; merging on state only.
2025-11-27 00:18:09 - INFO - Dataset census lacks year column; merging on state only.
2025-11-27 00:18:09 - INFO - Merging on keys: ['state']
2025-11-27 00:18:09 - INFO - Merging on keys: ['state']
2025-11-27 00:18:09 - INFO - Merging on keys: ['state']
2025-11-27 00:18:09 - INFO - State-year panel saved to D:\research-automation\TB detection delay\data\processed\state_year_panel.csv with 40 rows.
2025-11-27 01:03:01 - INFO - Loading processed datasets for merging.
2025-11-27 01:03:01 - ERROR - Dataset who_tb_global lacks a recognizable state column.
2025-11-27 01:03:01 - INFO - Dataset india_tb_reports lacks year column; merging on state only.
2025-11-27 01:03:01 - INFO - Dataset india_tb_notifications_2025 lacks year column; merging on state only.
2025-11-27 01:03:01 - ERROR - Dataset tb_prevalence lacks a recognizable state column.
2025-11-27 01:03:01 - INFO - Dataset nfhs lacks year column; merging on state only.
2025-11-27 01:03:01 - INFO - Dataset census lacks year column; merging on state only.
2025-11-27 01:03:01 - INFO - Merging on keys: ['state']
2025-11-27 01:03:01 - INFO - Merging on keys: ['state']
2025-11-27 01:03:01 - INFO - Merging on keys: ['state']
2025-11-27 01:03:01 - INFO - State-year panel saved to D:\research-automation\TB detection delay\data\processed\state_year_panel.csv with 40 rows.
