2025-11-23 21:25:37 - INFO - Starting ingestion of TB data sources.
2025-11-23 21:25:37 - INFO - Saved 25 rows to D:\research-automation\TB detection delay\data\processed\who_tb_global_clean.csv
2025-11-23 21:25:37 - INFO - Saved 36 rows to D:\research-automation\TB detection delay\data\processed\india_tb_reports_clean.csv
2025-11-23 21:25:37 - INFO - Saved 35 rows to D:\research-automation\TB detection delay\data\processed\tb_prevalence_clean.csv
2025-11-23 21:25:37 - INFO - Saved 36 rows to D:\research-automation\TB detection delay\data\processed\nfhs_clean.csv
2025-11-23 21:25:37 - INFO - Saved 35 rows to D:\research-automation\TB detection delay\data\processed\census_clean.csv
2025-11-23 21:25:37 - INFO - Ingestion complete.
2025-11-23 21:27:32 - INFO - Starting ingestion of TB data sources.
2025-11-23 21:27:32 - INFO - Saved 25 rows to D:\research-automation\TB detection delay\data\processed\who_tb_global_clean.csv
2025-11-23 21:27:33 - INFO - Saved 36 rows to D:\research-automation\TB detection delay\data\processed\india_tb_reports_clean.csv
2025-11-23 21:27:33 - INFO - Saved 35 rows to D:\research-automation\TB detection delay\data\processed\tb_prevalence_clean.csv
2025-11-23 21:27:33 - INFO - Saved 36 rows to D:\research-automation\TB detection delay\data\processed\nfhs_clean.csv
2025-11-23 21:27:33 - INFO - Saved 35 rows to D:\research-automation\TB detection delay\data\processed\census_clean.csv
2025-11-23 21:27:33 - INFO - Ingestion complete.
2025-11-23 21:30:58 - INFO - Starting ingestion of TB data sources.
2025-11-23 21:30:58 - INFO - Saved 25 rows to D:\research-automation\TB detection delay\data\processed\who_tb_global_clean.csv
2025-11-23 21:30:58 - INFO - Saved 36 rows to D:\research-automation\TB detection delay\data\processed\india_tb_reports_clean.csv
2025-11-23 21:30:58 - INFO - Saved 35 rows to D:\research-automation\TB detection delay\data\processed\tb_prevalence_clean.csv
2025-11-23 21:30:58 - INFO - Saved 36 rows to D:\research-automation\TB detection delay\data\processed\nfhs_clean.csv
2025-11-23 21:30:58 - INFO - Saved 35 rows to D:\research-automation\TB detection delay\data\processed\census_clean.csv
2025-11-23 21:30:58 - INFO - Ingestion complete.
2025-11-23 21:31:51 - INFO - Starting ingestion of TB data sources.
2025-11-23 21:31:51 - INFO - Saved 25 rows to D:\research-automation\TB detection delay\data\processed\who_tb_global_clean.csv
2025-11-23 21:31:52 - INFO - Saved 36 rows to D:\research-automation\TB detection delay\data\processed\india_tb_reports_clean.csv
2025-11-23 21:31:52 - INFO - Saved 35 rows to D:\research-automation\TB detection delay\data\processed\tb_prevalence_clean.csv
2025-11-23 21:31:52 - INFO - Saved 36 rows to D:\research-automation\TB detection delay\data\processed\nfhs_clean.csv
2025-11-23 21:31:52 - INFO - Saved 35 rows to D:\research-automation\TB detection delay\data\processed\census_clean.csv
2025-11-23 21:31:52 - INFO - Ingestion complete.
2025-11-23 21:32:50 - INFO - Starting ingestion of TB data sources.
2025-11-23 21:32:50 - INFO - Saved 25 rows to D:\research-automation\TB detection delay\data\processed\who_tb_global_clean.csv
2025-11-23 21:32:51 - INFO - Saved 36 rows to D:\research-automation\TB detection delay\data\processed\india_tb_reports_clean.csv
2025-11-23 21:32:51 - INFO - Saved 35 rows to D:\research-automation\TB detection delay\data\processed\tb_prevalence_clean.csv
2025-11-23 21:32:51 - INFO - Saved 36 rows to D:\research-automation\TB detection delay\data\processed\nfhs_clean.csv
2025-11-23 21:32:51 - INFO - Saved 35 rows to D:\research-automation\TB detection delay\data\processed\census_clean.csv
2025-11-23 21:32:51 - INFO - Ingestion complete.
2025-11-23 21:47:20 - INFO - Starting ingestion of TB data sources.
2025-11-23 21:47:20 - INFO - Saved 25 rows to D:\research-automation\TB detection delay\data\processed\who_tb_global_clean.csv
2025-11-23 21:47:20 - INFO - Saved 36 rows to D:\research-automation\TB detection delay\data\processed\india_tb_reports_clean.csv
2025-11-23 21:47:20 - INFO - Saved 35 rows to D:\research-automation\TB detection delay\data\processed\tb_prevalence_clean.csv
2025-11-23 21:47:20 - INFO - Saved 36 rows to D:\research-automation\TB detection delay\data\processed\nfhs_clean.csv
2025-11-23 21:47:20 - INFO - Saved 35 rows to D:\research-automation\TB detection delay\data\processed\census_clean.csv
2025-11-23 21:47:20 - INFO - Ingestion complete.
2025-11-23 22:23:32 - INFO - Starting ingestion of TB data sources.
2025-11-23 22:23:32 - INFO - Saved 25 rows to D:\research-automation\TB detection delay\data\processed\who_tb_global_clean.csv
2025-11-23 22:23:33 - INFO - Saved 36 rows to D:\research-automation\TB detection delay\data\processed\india_tb_reports_clean.csv
2025-11-23 22:23:33 - INFO - Saved 36 rows to D:\research-automation\TB detection delay\data\processed\india_tb_notifications_2025_clean.csv
2025-11-23 22:23:33 - INFO - Saved 35 rows to D:\research-automation\TB detection delay\data\processed\tb_prevalence_clean.csv
2025-11-23 22:23:33 - INFO - Saved 36 rows to D:\research-automation\TB detection delay\data\processed\nfhs_clean.csv
2025-11-23 22:23:33 - INFO - Saved 35 rows to D:\research-automation\TB detection delay\data\processed\census_clean.csv
2025-11-23 22:23:33 - INFO - Ingestion complete.
2025-11-23 22:23:54 - INFO - Starting ingestion of TB data sources.
2025-11-23 22:23:54 - INFO - Saved 25 rows to D:\research-automation\TB detection delay\data\processed\who_tb_global_clean.csv
2025-11-23 22:23:55 - INFO - Saved 36 rows to D:\research-automation\TB detection delay\data\processed\india_tb_reports_clean.csv
2025-11-23 22:23:55 - INFO - Saved 36 rows to D:\research-automation\TB detection delay\data\processed\india_tb_notifications_2025_clean.csv
2025-11-23 22:23:55 - INFO - Saved 35 rows to D:\research-automation\TB detection delay\data\processed\tb_prevalence_clean.csv
2025-11-23 22:23:55 - INFO - Saved 36 rows to D:\research-automation\TB detection delay\data\processed\nfhs_clean.csv
2025-11-23 22:23:55 - INFO - Saved 35 rows to D:\research-automation\TB detection delay\data\processed\census_clean.csv
2025-11-23 22:23:55 - INFO - Ingestion complete.
2025-11-23 22:28:14 - INFO - Starting ingestion of TB data sources.
2025-11-23 22:28:14 - INFO - Saved 25 rows to D:\research-automation\TB detection delay\data\processed\who_tb_global_clean.csv
2025-11-23 22:28:14 - INFO - Saved 36 rows to D:\research-automation\TB detection delay\data\processed\india_tb_reports_clean.csv
2025-11-23 22:28:14 - INFO - Saved 36 rows to D:\research-automation\TB detection delay\data\processed\india_tb_notifications_2025_clean.csv
2025-11-23 22:28:14 - INFO - Saved 35 rows to D:\research-automation\TB detection delay\data\processed\tb_prevalence_clean.csv
2025-11-23 22:28:14 - INFO - Saved 36 rows to D:\research-automation\TB detection delay\data\processed\nfhs_clean.csv
2025-11-23 22:28:14 - INFO - Saved 35 rows to D:\research-automation\TB detection delay\data\processed\census_clean.csv
2025-11-23 22:28:14 - INFO - Ingestion complete.
2025-11-23 23:39:53 - INFO - Starting ingestion of TB data sources.
2025-11-23 23:39:53 - INFO - Saved 25 rows to D:\research-automation\TB detection delay\data\processed\who_tb_global_clean.csv
2025-11-23 23:39:53 - INFO - Saved 36 rows to D:\research-automation\TB detection delay\data\processed\india_tb_reports_clean.csv
2025-11-23 23:39:53 - INFO - Saved 36 rows to D:\research-automation\TB detection delay\data\processed\india_tb_notifications_2025_clean.csv
2025-11-23 23:39:53 - INFO - Saved 35 rows to D:\research-automation\TB detection delay\data\processed\tb_prevalence_clean.csv
2025-11-23 23:39:53 - INFO - Saved 36 rows to D:\research-automation\TB detection delay\data\processed\nfhs_clean.csv
2025-11-23 23:39:54 - INFO - Saved 35 rows to D:\research-automation\TB detection delay\data\processed\census_clean.csv
2025-11-23 23:39:54 - INFO - Ingestion complete.
