2025-11-23 21:27:32 - INFO - Starting PubMed search (retmax=200)
2025-11-23 21:27:32 - ERROR - ENTREZ_EMAIL not set. Set it to comply with NCBI policies.
2025-11-23 21:27:32 - WARNING - Skipping PubMed call because credentials are missing.
2025-11-23 21:30:57 - INFO - Starting PubMed search (retmax=200)
2025-11-23 21:30:57 - ERROR - ENTREZ_EMAIL not set. Set it to comply with NCBI policies.
2025-11-23 21:30:57 - WARNING - Skipping PubMed call because credentials are missing.
2025-11-23 21:31:51 - INFO - Starting PubMed search (retmax=200)
2025-11-23 21:31:51 - INFO - Using Entrez API key for higher rate limits.
2025-11-23 21:31:51 - INFO - Dry run mode: query would be '(tuberculosis[MeSH Terms] OR tuberculosis[Title/Abstract]) AND (delay OR timeliness OR diagnosis delay OR treatment delay) AND India'
2025-11-23 21:32:23 - INFO - Starting PubMed search (retmax=200)
2025-11-23 21:32:23 - INFO - Using Entrez API key for higher rate limits.
2025-11-23 21:32:25 - INFO - Retrieved 200 PMIDs for query.
2025-11-23 21:32:25 - INFO - Fetching metadata for PMIDs 41248341,41209996,41204077,41186778,41186119,41143359,41126216,41123477,41100650,41084573,41081401,41045529,41042600,41041286,41041201,40997860,40983468,40978883,40975583,40975575,40975574,40959808,40864109,40814469,40786776,40760794,40741006,40740031,40707086,40682729,40672039,40645675,40635968,40628559,40622143,40619035,40595921,40569404,40553530,40546357,40540665,40528876,40493553,40491731,40485475,40448889,40441696,40424989,40406648,40400720,40392137,40352342,40327607,40322625,40262464,40256136,40200612,40167132,40154850,40120593,40102870,40098402,40089429,40066405,40047235,40025616,40023548,40023536,40023534,40023533,39957925,39957395,39926823,39910497,32310575,39890369,39775521,39722901,39700158,39668919,39640348,39622551,39606314,39569228,39563119,39543461,39539905,39536643,39485073,39400859,39390870,39376317,39370189,39360505,39278683,39278681,39278673,39240337,39225384,39195619
2025-11-23 21:32:35 - INFO - Fetching metadata for PMIDs 39194079,39183619,39165497,39163084,39111947,39111936,39111932,39081440,39067963,39039832,39035370,39034827,39011006,39006181,38990593,38988406,38978944,38955384,38954723,38948543,38916384,38883520,38841219,38809023,38805509,38800587,38800244,38800156,38783334,38771286,36256788,38669225,38647526,38597637,38544544,38531557,38513873,38488890,38482155,38454186,38420252,38358903,38358181,38327565,38312835,38291648,38273246,38269612,38251204,38166734,38161267,38153918,38149550,38138142,38110267,38110254,38079438,38049975,38047053,37886056,37873771,37789748,37732197,37711937,37696514,37668730,37667730,37658369,37636756,37635510,37521401,37498858,37468869,37459028,37433855,37429151,37409311,37402589,37388508,37354752,37338470,37335340,37304408,37236420,37234337,37202936,37198982,37164819,37160247,37143553,37130642,37100583,37100576,37100573,37077081,37065338,36982586,36960663,36874895,36852792
2025-11-23 21:32:43 - INFO - Saved 198 PubMed records to D:\research-automation\TB detection delay\lit\lit_db.csv
2025-11-23 21:47:19 - INFO - Starting PubMed search (retmax=200)
2025-11-23 21:47:19 - INFO - Using Entrez API key for higher rate limits.
2025-11-23 21:47:19 - INFO - Dry run mode: query would be '(tuberculosis[MeSH Terms] OR tuberculosis[Title/Abstract]) AND (delay OR timeliness OR diagnosis delay OR treatment delay) AND India'
2025-11-23 22:23:52 - INFO - Starting PubMed search (retmax=200)
2025-11-23 22:23:52 - INFO - Using Entrez API key for higher rate limits.
2025-11-23 22:23:52 - INFO - Dry run mode: query would be '(tuberculosis[MeSH Terms] OR tuberculosis[Title/Abstract]) AND (delay OR timeliness OR diagnosis delay OR treatment delay) AND India'
2025-11-23 22:27:57 - INFO - Starting PubMed search (retmax=200)
2025-11-23 22:27:57 - INFO - Using Entrez API key for higher rate limits.
2025-11-23 22:27:59 - INFO - Retrieved 200 PMIDs for query.
2025-11-23 22:27:59 - INFO - Fetching metadata for PMIDs 41248341,41209996,41204077,41186778,41186119,41143359,41126216,41123477,41100650,41084573,41081401,41045529,41042600,41041286,41041201,40997860,40983468,40978883,40975583,40975575,40975574,40959808,40864109,40814469,40786776,40760794,40741006,40740031,40707086,40682729,40672039,40645675,40635968,40628559,40622143,40619035,40595921,40569404,40553530,40546357,40540665,40528876,40493553,40491731,40485475,40448889,40441696,40424989,40406648,40400720,40392137,40352342,40327607,40322625,40262464,40256136,40200612,40167132,40154850,40120593,40102870,40098402,40089429,40066405,40047235,40025616,40023548,40023536,40023534,40023533,39957925,39957395,39926823,39910497,32310575,39890369,39775521,39722901,39700158,39668919,39640348,39622551,39606314,39569228,39563119,39543461,39539905,39536643,39485073,39400859,39390870,39376317,39370189,39360505,39278683,39278681,39278673,39240337,39225384,39195619
2025-11-23 22:28:05 - INFO - Fetching metadata for PMIDs 39194079,39183619,39165497,39163084,39111947,39111936,39111932,39081440,39067963,39039832,39035370,39034827,39011006,39006181,38990593,38988406,38978944,38955384,38954723,38948543,38916384,38883520,38841219,38809023,38805509,38800587,38800244,38800156,38783334,38771286,36256788,38669225,38647526,38597637,38544544,38531557,38513873,38488890,38482155,38454186,38420252,38358903,38358181,38327565,38312835,38291648,38273246,38269612,38251204,38166734,38161267,38153918,38149550,38138142,38110267,38110254,38079438,38049975,38047053,37886056,37873771,37789748,37732197,37711937,37696514,37668730,37667730,37658369,37636756,37635510,37521401,37498858,37468869,37459028,37433855,37429151,37409311,37402589,37388508,37354752,37338470,37335340,37304408,37236420,37234337,37202936,37198982,37164819,37160247,37143553,37130642,37100583,37100576,37100573,37077081,37065338,36982586,36960663,36874895,36852792
2025-11-23 22:28:13 - INFO - Saved 198 PubMed records to D:\research-automation\TB detection delay\lit\lit_db.csv
2025-11-23 23:39:39 - INFO - Starting PubMed search (retmax=200)
2025-11-23 23:39:39 - INFO - Using Entrez API key for higher rate limits.
2025-11-23 23:39:40 - INFO - Retrieved 200 PMIDs for query.
2025-11-23 23:39:40 - INFO - Fetching metadata for PMIDs 41248341,41209996,41204077,41186778,41186119,41143359,41126216,41123477,41100650,41084573,41081401,41045529,41042600,41041286,41041201,40997860,40983468,40978883,40975583,40975575,40975574,40959808,40864109,40814469,40786776,40760794,40741006,40740031,40707086,40682729,40672039,40645675,40635968,40628559,40622143,40619035,40595921,40569404,40553530,40546357,40540665,40528876,40493553,40491731,40485475,40448889,40441696,40424989,40406648,40400720,40392137,40352342,40327607,40322625,40262464,40256136,40200612,40167132,40154850,40120593,40102870,40098402,40089429,40066405,40047235,40025616,40023548,40023536,40023534,40023533,39957925,39957395,39926823,39910497,32310575,39890369,39775521,39722901,39700158,39668919,39640348,39622551,39606314,39569228,39563119,39543461,39539905,39536643,39485073,39400859,39390870,39376317,39370189,39360505,39278683,39278681,39278673,39240337,39225384,39195619
2025-11-23 23:39:45 - INFO - Fetching metadata for PMIDs 39194079,39183619,39165497,39163084,39111947,39111936,39111932,39081440,39067963,39039832,39035370,39034827,39011006,39006181,38990593,38988406,38978944,38955384,38954723,38948543,38916384,38883520,38841219,38809023,38805509,38800587,38800244,38800156,38783334,38771286,36256788,38669225,38647526,38597637,38544544,38531557,38513873,38488890,38482155,38454186,38420252,38358903,38358181,38327565,38312835,38291648,38273246,38269612,38251204,38166734,38161267,38153918,38149550,38138142,38110267,38110254,38079438,38049975,38047053,37886056,37873771,37789748,37732197,37711937,37696514,37668730,37667730,37658369,37636756,37635510,37521401,37498858,37468869,37459028,37433855,37429151,37409311,37402589,37388508,37354752,37338470,37335340,37304408,37236420,37234337,37202936,37198982,37164819,37160247,37143553,37130642,37100583,37100576,37100573,37077081,37065338,36982586,36960663,36874895,36852792
2025-11-23 23:39:52 - INFO - Saved 198 PubMed records to D:\research-automation\TB detection delay\lit\lit_db.csv
